<?xml version="1.0" encoding="UTF-8"?>
<!-- Generated by org.testng.reporters.JUnitReportReporter -->
<testsuite hostname="VGUNTOJI01" failures="0" tests="1" name="MyRunner.TestRunner" time="14.498" errors="0" timestamp="08 Mar 2023 11:49:44 GMT" skipped="0">
  <testcase classname="MyRunner.TestRunner" name="feature" time="14.498"/>
</testsuite> <!-- MyRunner.TestRunner -->
